{
  "stats": {
    "suites": 1,
    "tests": 1,
    "passes": 1,
    "pending": 0,
    "failures": 0,
    "testsRegistered": 1,
    "passPercent": 100,
    "pendingPercent": 0,
    "other": 0,
    "hasOther": false,
    "skipped": 0,
    "hasSkipped": false,
    "start": "2024-05-14T15:09:00.059Z",
    "end": "2024-05-14T15:09:14.736Z",
    "duration": 14677
  },
  "results": [
    {
      "uuid": "a9c6f367-ed1b-4600-84a5-2647f71efdf3",
      "title": "",
      "fullFile": "test-suite/demoWebShop/demoWebShop.cy.js",
      "file": "test-suite/demoWebShop/demoWebShop.cy.js",
      "beforeHooks": [],
      "afterHooks": [],
      "tests": [],
      "suites": [
        {
          "uuid": "72d39339-6908-4090-a0b1-5f195aedec65",
          "title": "Demo Web shop",
          "fullFile": "test-suite/demoWebShop/demoWebShop.cy.js",
          "file": "test-suite/demoWebShop/demoWebShop.cy.js",
          "beforeHooks": [],
          "afterHooks": [],
          "tests": [
            {
              "title": "Demo web shop : DWS_001",
              "fullTitle": "Demo Web shop Demo web shop : DWS_001",
              "timedOut": null,
              "duration": 12054,
              "state": "passed",
              "speed": "slow",
              "pass": true,
              "fail": false,
              "pending": false,
              "context": "[\n    \"demoWebShop Regression started\",\n    \"product listing started\",\n    \"product listing finished\",\n    \"cart started\",\n    \"Checkout started\",\n    \"Checkout finished\",\n    \"demoWebShop Regression finished\"\n]",
              "code": "cy.task('parseXlsx', {\n  filePath: demoWebObj.filePath,\n  sheetName: demoWebObj.sheetName,\n  rows: [testCase]\n}).then(result => {\n  demoWebObj.demoWebShopRegression(result[\"data\"][0]);\n});",
              "err": {},
              "uuid": "cfb67157-8a66-4044-a757-3e49c48e46d9",
              "parentUUID": "72d39339-6908-4090-a0b1-5f195aedec65",
              "isHook": false,
              "skipped": false
            }
          ],
          "suites": [],
          "passes": [
            "cfb67157-8a66-4044-a757-3e49c48e46d9"
          ],
          "failures": [],
          "pending": [],
          "skipped": [],
          "duration": 12054,
          "root": false,
          "rootEmpty": false,
          "_timeout": 2000
        }
      ],
      "passes": [],
      "failures": [],
      "pending": [],
      "skipped": [],
      "duration": 0,
      "root": true,
      "rootEmpty": true,
      "_timeout": 2000
    }
  ],
  "meta": {
    "mocha": {
      "version": "7.0.1"
    },
    "mochawesome": {
      "options": {
        "quiet": false,
        "reportFilename": "mochawesome",
        "saveHtml": false,
        "saveJson": true,
        "consoleReporter": "spec",
        "useInlineDiffs": false,
        "code": true
      },
      "version": "7.1.3"
    },
    "marge": {
      "options": {
        "charts": true,
        "reportPageTitle": "Automation report",
        "embeddedScreenshots": true,
        "inlineAssets": true,
        "saveAllAttempts": false,
        "debug": true,
        "saveJson": true,
        "overwrite": false,
        "html": false,
        "json": true,
        "reportDir": "cypress/reports/html/.jsons"
      },
      "version": "6.2.0"
    }
  }
}