{
  "stats": {
    "suites": 1,
    "tests": 1,
    "passes": 1,
    "pending": 0,
    "failures": 0,
    "testsRegistered": 1,
    "passPercent": 100,
    "pendingPercent": 0,
    "other": 0,
    "hasOther": false,
    "skipped": 0,
    "hasSkipped": false,
    "start": "2024-04-28T22:03:09.051Z",
    "end": "2024-04-28T22:03:23.257Z",
    "duration": 14206
  },
  "results": [
    {
      "uuid": "4009d989-dcf7-4237-a5b1-bcf214153c45",
      "title": "",
      "fullFile": "test-suite/demoWebShop/demoWebShop.cy.js",
      "file": "test-suite/demoWebShop/demoWebShop.cy.js",
      "beforeHooks": [],
      "afterHooks": [],
      "tests": [],
      "suites": [
        {
          "uuid": "adfe3d13-b256-45d2-a85f-72b510f12f7f",
          "title": "Demo Web shop",
          "fullFile": "test-suite/demoWebShop/demoWebShop.cy.js",
          "file": "test-suite/demoWebShop/demoWebShop.cy.js",
          "beforeHooks": [],
          "afterHooks": [],
          "tests": [
            {
              "title": "Demo web shop : DWS_001",
              "fullTitle": "Demo Web shop Demo web shop : DWS_001",
              "timedOut": null,
              "duration": 11774,
              "state": "passed",
              "speed": "slow",
              "pass": true,
              "fail": false,
              "pending": false,
              "context": null,
              "code": "cy.task('parseXlsx', {\n  filePath: demoWebObj.filePath,\n  sheetName: demoWebObj.sheetName,\n  rows: [testCase]\n}).then(result => {\n  demoWebObj.demoWebShopRegression(result[\"data\"][0]);\n});",
              "err": {},
              "uuid": "e9cb0481-49b3-4047-885f-0796bd83b293",
              "parentUUID": "adfe3d13-b256-45d2-a85f-72b510f12f7f",
              "isHook": false,
              "skipped": false
            }
          ],
          "suites": [],
          "passes": [
            "e9cb0481-49b3-4047-885f-0796bd83b293"
          ],
          "failures": [],
          "pending": [],
          "skipped": [],
          "duration": 11774,
          "root": false,
          "rootEmpty": false,
          "_timeout": 2000
        }
      ],
      "passes": [],
      "failures": [],
      "pending": [],
      "skipped": [],
      "duration": 0,
      "root": true,
      "rootEmpty": true,
      "_timeout": 2000
    }
  ],
  "meta": {
    "mocha": {
      "version": "7.0.1"
    },
    "mochawesome": {
      "options": {
        "quiet": false,
        "reportFilename": "mochawesome",
        "saveHtml": false,
        "saveJson": true,
        "consoleReporter": "spec",
        "useInlineDiffs": false,
        "code": true
      },
      "version": "7.1.3"
    },
    "marge": {
      "options": {
        "charts": true,
        "reportPageTitle": "Automation report",
        "embeddedScreenshots": true,
        "inlineAssets": true,
        "saveAllAttempts": false,
        "debug": true,
        "saveJson": true,
        "overwrite": false,
        "html": false,
        "json": true,
        "reportDir": "cypress/reports/html/.jsons"
      },
      "version": "6.2.0"
    }
  }
}